<?xml version="1.0" encoding="UTF-8"?>
<!-- Generated by org.testng.reporters.JUnitReportReporter -->
<testsuite hostname="DESKTOP-KBM2E74" failures="0" tests="1" name="Voting.extent" time="61.546" errors="0" timestamp="2024-01-24T17:21:34 IST" skipped="0">
  <testcase classname="Voting.extent" name="myTestCase" time="61.546"/>
</testsuite> <!-- Voting.extent -->
