<?xml version="1.0" encoding="UTF-8"?>
<!-- Generated by org.testng.reporters.JUnitReportReporter -->
<testsuite hostname="DESKTOP-KBM2E74" failures="0" tests="1" name="Voting.extent" time="17.066" errors="0" timestamp="2023-08-30T17:05:20 IST" skipped="0">
  <testcase classname="Voting.extent" name="myTestCase" time="17.066"/>
</testsuite> <!-- Voting.extent -->
